INFO 2024-11-13 23:38:31,254 users Пользователь вышел из системы: admin@kbtu.kz
INFO 2024-11-13 23:38:59,088 users Пользователь вошел в систему: admin@kbtu.kz
INFO 2024-11-14 00:49:24,184 users Новый пользователь зарегистрирован: testuser@kbtu.kz
INFO 2024-11-14 01:13:37,406 users Новый пользователь зарегистрирован: admin@kbtu.kz
INFO 2024-11-14 01:13:37,808 users Новый пользователь зарегистрирован: admin@kbtu.kz
INFO 2024-11-14 01:13:38,189 users Новый пользователь зарегистрирован: admin@kbtu.kz
INFO 2024-11-14 01:13:38,564 users Новый пользователь зарегистрирован: student@kbtu.kz
INFO 2024-11-14 01:13:38,946 users Новый пользователь зарегистрирован: admin@kbtu.kz
INFO 2024-11-14 01:13:39,321 users Новый пользователь зарегистрирован: teacher@kbtu.kz
INFO 2024-11-14 01:13:39,703 users Новый пользователь зарегистрирован: teststudent@kbtu.kz
INFO 2024-11-14 01:17:31,212 users Новый пользователь зарегистрирован: admin@kbtu.kz
INFO 2024-11-14 01:17:31,607 users Новый пользователь зарегистрирован: admin@kbtu.kz
INFO 2024-11-14 01:17:31,996 users Новый пользователь зарегистрирован: admin@kbtu.kz
INFO 2024-11-14 01:17:32,371 users Новый пользователь зарегистрирован: student@kbtu.kz
INFO 2024-11-14 01:17:32,751 users Новый пользователь зарегистрирован: admin@kbtu.kz
INFO 2024-11-14 01:17:33,126 users Новый пользователь зарегистрирован: teacher@kbtu.kz
INFO 2024-11-14 01:17:33,514 users Новый пользователь зарегистрирован: student@kbtu.kz
INFO 2024-11-14 01:17:33,898 users Новый пользователь зарегистрирован: teststudent@kbtu.kz
INFO 2024-11-14 01:19:44,776 users Новый пользователь зарегистрирован: admin@kbtu.kz
INFO 2024-11-14 01:19:45,174 users Новый пользователь зарегистрирован: admin@kbtu.kz
INFO 2024-11-14 01:19:45,552 users Новый пользователь зарегистрирован: admin@kbtu.kz
INFO 2024-11-14 01:19:45,929 users Новый пользователь зарегистрирован: student@kbtu.kz
INFO 2024-11-14 01:19:46,306 users Новый пользователь зарегистрирован: admin@kbtu.kz
INFO 2024-11-14 01:19:46,684 users Новый пользователь зарегистрирован: teacher@kbtu.kz
INFO 2024-11-14 01:19:47,060 users Новый пользователь зарегистрирован: student@kbtu.kz
INFO 2024-11-14 01:19:47,439 users Новый пользователь зарегистрирован: teststudent@kbtu.kz
INFO 2024-11-14 01:20:37,742 users Новый пользователь зарегистрирован: admin@kbtu.kz
INFO 2024-11-14 01:20:38,135 users Новый пользователь зарегистрирован: admin@kbtu.kz
INFO 2024-11-14 01:20:38,514 users Новый пользователь зарегистрирован: admin@kbtu.kz
INFO 2024-11-14 01:20:38,899 users Новый пользователь зарегистрирован: student@kbtu.kz
INFO 2024-11-14 01:20:39,277 users Новый пользователь зарегистрирован: admin@kbtu.kz
INFO 2024-11-14 01:20:39,650 users Новый пользователь зарегистрирован: teacher@kbtu.kz
INFO 2024-11-14 01:20:40,030 users Новый пользователь зарегистрирован: student@kbtu.kz
INFO 2024-11-14 01:20:40,411 users Новый пользователь зарегистрирован: teststudent@kbtu.kz
INFO 2024-11-14 01:21:33,057 users Новый пользователь зарегистрирован: admin@kbtu.kz
INFO 2024-11-14 01:21:33,454 users Новый пользователь зарегистрирован: admin@kbtu.kz
INFO 2024-11-14 01:21:33,834 users Новый пользователь зарегистрирован: admin@kbtu.kz
INFO 2024-11-14 01:21:34,211 users Новый пользователь зарегистрирован: student@kbtu.kz
INFO 2024-11-14 01:21:34,593 users Новый пользователь зарегистрирован: admin@kbtu.kz
INFO 2024-11-14 01:21:34,978 users Новый пользователь зарегистрирован: teacher@kbtu.kz
INFO 2024-11-14 01:21:35,353 users Новый пользователь зарегистрирован: student@kbtu.kz
INFO 2024-11-14 01:21:35,740 users Новый пользователь зарегистрирован: teststudent@kbtu.kz
INFO 2024-11-14 01:24:04,123 users Новый пользователь зарегистрирован: admin@kbtu.kz
INFO 2024-11-14 01:24:04,521 users Новый пользователь зарегистрирован: admin@kbtu.kz
INFO 2024-11-14 01:24:04,913 users Новый пользователь зарегистрирован: admin@kbtu.kz
INFO 2024-11-14 01:24:05,308 users Новый пользователь зарегистрирован: student@kbtu.kz
INFO 2024-11-14 01:24:05,729 users Новый пользователь зарегистрирован: admin@kbtu.kz
INFO 2024-11-14 01:24:06,134 users Новый пользователь зарегистрирован: teacher@kbtu.kz
INFO 2024-11-14 01:24:06,540 users Новый пользователь зарегистрирован: student@kbtu.kz
INFO 2024-11-14 01:24:06,929 users Новый пользователь зарегистрирован: teststudent@kbtu.kz
INFO 2024-11-14 01:25:21,904 users Новый пользователь зарегистрирован: admin@kbtu.kz
INFO 2024-11-14 01:25:22,298 users Новый пользователь зарегистрирован: admin@kbtu.kz
INFO 2024-11-14 01:25:22,678 users Новый пользователь зарегистрирован: admin@kbtu.kz
INFO 2024-11-14 01:25:23,057 users Новый пользователь зарегистрирован: student@kbtu.kz
INFO 2024-11-14 01:25:23,437 users Новый пользователь зарегистрирован: admin@kbtu.kz
INFO 2024-11-14 01:25:23,811 users Новый пользователь зарегистрирован: teacher@kbtu.kz
INFO 2024-11-14 01:25:24,189 users Новый пользователь зарегистрирован: student@kbtu.kz
INFO 2024-11-14 01:25:24,577 users Новый пользователь зарегистрирован: teststudent@kbtu.kz
INFO 2024-11-14 01:27:02,799 users Новый пользователь зарегистрирован: admin@kbtu.kz
INFO 2024-11-14 01:27:03,195 users Новый пользователь зарегистрирован: admin@kbtu.kz
INFO 2024-11-14 01:27:03,577 users Новый пользователь зарегистрирован: admin@kbtu.kz
INFO 2024-11-14 01:27:03,953 users Новый пользователь зарегистрирован: student@kbtu.kz
INFO 2024-11-14 01:27:04,332 users Новый пользователь зарегистрирован: admin@kbtu.kz
INFO 2024-11-14 01:27:04,711 users Новый пользователь зарегистрирован: testteacher@kbtu.kz
INFO 2024-11-14 01:27:05,088 users Новый пользователь зарегистрирован: teststudent@kbtu.kz
INFO 2024-11-14 01:27:05,475 users Новый пользователь зарегистрирован: teststudent@kbtu.kz
INFO 2024-11-14 01:28:05,679 users Новый пользователь зарегистрирован: admin@kbtu.kz
INFO 2024-11-14 01:28:06,082 users Новый пользователь зарегистрирован: admin@kbtu.kz
INFO 2024-11-14 01:28:06,463 users Новый пользователь зарегистрирован: admin@kbtu.kz
INFO 2024-11-14 01:28:06,837 users Новый пользователь зарегистрирован: student@kbtu.kz
INFO 2024-11-14 01:28:07,215 users Новый пользователь зарегистрирован: admin@kbtu.kz
INFO 2024-11-14 01:28:07,592 users Новый пользователь зарегистрирован: testteacher2@kbtu.kz
INFO 2024-11-14 01:28:07,965 users Новый пользователь зарегистрирован: teststudent2@kbtu.kz
INFO 2024-11-14 01:28:08,351 users Новый пользователь зарегистрирован: teststudent@kbtu.kz
INFO 2024-11-14 01:30:59,256 users Новый пользователь зарегистрирован: admin@kbtu.kz
INFO 2024-11-14 01:30:59,653 users Новый пользователь зарегистрирован: admin@kbtu.kz
INFO 2024-11-14 01:31:00,038 users Новый пользователь зарегистрирован: admin@kbtu.kz
INFO 2024-11-14 01:31:00,413 users Новый пользователь зарегистрирован: student@kbtu.kz
INFO 2024-11-14 01:31:00,793 users Новый пользователь зарегистрирован: admin@kbtu.kz
INFO 2024-11-14 01:31:01,182 users Новый пользователь зарегистрирован: testteacher2@kbtu.kz
INFO 2024-11-14 01:31:01,558 users Новый пользователь зарегистрирован: teststudent2@kbtu.kz
INFO 2024-11-14 01:31:01,938 users Новый пользователь зарегистрирован: teststudent@kbtu.kz
INFO 2024-11-14 01:35:24,925 users Новый пользователь зарегистрирован: admin@kbtu.kz
INFO 2024-11-14 01:35:25,318 users Новый пользователь зарегистрирован: admin@kbtu.kz
INFO 2024-11-14 01:35:25,695 users Новый пользователь зарегистрирован: admin@kbtu.kz
INFO 2024-11-14 01:35:26,070 users Новый пользователь зарегистрирован: student@kbtu.kz
INFO 2024-11-14 01:35:26,451 users Новый пользователь зарегистрирован: admin@kbtu.kz
INFO 2024-11-14 01:35:26,825 users Новый пользователь зарегистрирован: testteacher2@kbtu.kz
INFO 2024-11-14 01:35:27,201 users Новый пользователь зарегистрирован: teststudent2@kbtu.kz
INFO 2024-11-14 01:35:27,584 users Новый пользователь зарегистрирован: teststudent@kbtu.kz
INFO 2024-11-14 01:37:37,636 users Новый пользователь зарегистрирован: admin@kbtu.kz
INFO 2024-11-14 01:37:38,031 users Новый пользователь зарегистрирован: admin@kbtu.kz
INFO 2024-11-14 01:37:38,410 users Новый пользователь зарегистрирован: admin@kbtu.kz
INFO 2024-11-14 01:37:38,794 users Новый пользователь зарегистрирован: student@kbtu.kz
INFO 2024-11-14 01:37:39,169 users Новый пользователь зарегистрирован: admin@kbtu.kz
INFO 2024-11-14 01:37:39,544 users Новый пользователь зарегистрирован: testteacher2@kbtu.kz
INFO 2024-11-14 01:37:39,919 users Новый пользователь зарегистрирован: teststudent2@kbtu.kz
INFO 2024-11-14 01:37:40,307 users Новый пользователь зарегистрирован: teststudent@kbtu.kz
INFO 2024-11-14 01:41:33,305 users Новый пользователь зарегистрирован: admin@kbtu.kz
INFO 2024-11-14 01:41:33,709 users Новый пользователь зарегистрирован: admin@kbtu.kz
INFO 2024-11-14 01:41:34,086 users Новый пользователь зарегистрирован: admin@kbtu.kz
INFO 2024-11-14 01:41:34,461 users Новый пользователь зарегистрирован: student@kbtu.kz
INFO 2024-11-14 01:41:34,844 users Новый пользователь зарегистрирован: admin@kbtu.kz
INFO 2024-11-14 01:41:35,222 users Новый пользователь зарегистрирован: testteacher2@kbtu.kz
INFO 2024-11-14 01:41:35,604 users Новый пользователь зарегистрирован: teststudent2@kbtu.kz
INFO 2024-11-14 01:41:35,991 users Новый пользователь зарегистрирован: teststudent@kbtu.kz
INFO 2024-11-14 01:44:16,272 users Новый пользователь зарегистрирован: admin@kbtu.kz
INFO 2024-11-14 01:44:16,667 users Новый пользователь зарегистрирован: admin@kbtu.kz
INFO 2024-11-14 01:44:17,046 users Новый пользователь зарегистрирован: admin@kbtu.kz
INFO 2024-11-14 01:44:17,421 users Новый пользователь зарегистрирован: student@kbtu.kz
INFO 2024-11-14 01:44:17,800 users Новый пользователь зарегистрирован: admin@kbtu.kz
INFO 2024-11-14 01:44:18,173 users Новый пользователь зарегистрирован: testteacher2@kbtu.kz
INFO 2024-11-14 01:44:18,549 users Новый пользователь зарегистрирован: teststudent2@kbtu.kz
INFO 2024-11-14 01:44:18,928 users Новый пользователь зарегистрирован: teststudent@kbtu.kz
INFO 2024-11-14 01:44:38,608 users Новый пользователь зарегистрирован: admin@kbtu.kz
INFO 2024-11-14 01:44:39,002 users Новый пользователь зарегистрирован: admin@kbtu.kz
INFO 2024-11-14 01:44:39,387 users Новый пользователь зарегистрирован: admin@kbtu.kz
INFO 2024-11-14 01:44:39,765 users Новый пользователь зарегистрирован: student@kbtu.kz
INFO 2024-11-14 01:44:40,143 users Новый пользователь зарегистрирован: admin@kbtu.kz
INFO 2024-11-14 01:44:40,524 users Новый пользователь зарегистрирован: testteacher2@kbtu.kz
INFO 2024-11-14 01:44:40,916 users Новый пользователь зарегистрирован: teststudent2@kbtu.kz
INFO 2024-11-14 01:44:41,299 users Новый пользователь зарегистрирован: teststudent@kbtu.kz
INFO 2024-11-14 01:46:10,615 users Новый пользователь зарегистрирован: admin@kbtu.kz
INFO 2024-11-14 01:46:11,012 users Новый пользователь зарегистрирован: admin@kbtu.kz
INFO 2024-11-14 01:46:11,392 users Новый пользователь зарегистрирован: admin@kbtu.kz
INFO 2024-11-14 01:46:11,769 users Новый пользователь зарегистрирован: student@kbtu.kz
INFO 2024-11-14 01:46:12,146 users Новый пользователь зарегистрирован: admin@kbtu.kz
INFO 2024-11-14 01:46:12,522 users Новый пользователь зарегистрирован: testteacher2@kbtu.kz
INFO 2024-11-14 01:46:12,899 users Новый пользователь зарегистрирован: teststudent2@kbtu.kz
INFO 2024-11-14 01:46:13,278 users Новый пользователь зарегистрирован: teststudent@kbtu.kz
INFO 2024-11-14 01:47:31,371 users Новый пользователь зарегистрирован: admin@kbtu.kz
INFO 2024-11-14 01:47:31,766 users Новый пользователь зарегистрирован: admin@kbtu.kz
INFO 2024-11-14 01:47:32,143 users Новый пользователь зарегистрирован: admin@kbtu.kz
INFO 2024-11-14 01:47:32,521 users Новый пользователь зарегистрирован: student@kbtu.kz
INFO 2024-11-14 01:47:32,899 users Новый пользователь зарегистрирован: admin@kbtu.kz
INFO 2024-11-14 01:47:33,276 users Новый пользователь зарегистрирован: testteacher2@kbtu.kz
INFO 2024-11-14 01:47:33,655 users Новый пользователь зарегистрирован: teststudent2@kbtu.kz
INFO 2024-11-14 01:47:34,037 users Новый пользователь зарегистрирован: teststudent@kbtu.kz
INFO 2024-11-14 01:48:55,576 users Новый пользователь зарегистрирован: admin@kbtu.kz
INFO 2024-11-14 01:48:55,974 users Новый пользователь зарегистрирован: admin@kbtu.kz
INFO 2024-11-14 01:48:56,358 users Новый пользователь зарегистрирован: admin@kbtu.kz
INFO 2024-11-14 01:48:56,759 users Новый пользователь зарегистрирован: student@kbtu.kz
INFO 2024-11-14 01:48:57,153 users Новый пользователь зарегистрирован: admin@kbtu.kz
INFO 2024-11-14 01:48:57,540 users Новый пользователь зарегистрирован: testteacher2@kbtu.kz
INFO 2024-11-14 01:48:57,927 users Новый пользователь зарегистрирован: teststudent2@kbtu.kz
INFO 2024-11-14 01:48:58,333 users Новый пользователь зарегистрирован: teststudent@kbtu.kz
INFO 2024-11-14 01:49:18,577 users Новый пользователь зарегистрирован: admin@kbtu.kz
INFO 2024-11-14 01:49:18,972 users Новый пользователь зарегистрирован: admin@kbtu.kz
INFO 2024-11-14 01:49:19,352 users Новый пользователь зарегистрирован: admin@kbtu.kz
INFO 2024-11-14 01:49:19,727 users Новый пользователь зарегистрирован: student@kbtu.kz
INFO 2024-11-14 01:49:20,106 users Новый пользователь зарегистрирован: admin@kbtu.kz
INFO 2024-11-14 01:49:20,486 users Новый пользователь зарегистрирован: testteacher2@kbtu.kz
INFO 2024-11-14 01:49:20,863 users Новый пользователь зарегистрирован: teststudent2@kbtu.kz
INFO 2024-11-14 01:49:21,247 users Новый пользователь зарегистрирован: teststudent@kbtu.kz
INFO 2024-11-14 02:03:11,259 users Новый пользователь зарегистрирован: admin@kbtu.kz
INFO 2024-11-14 02:03:11,655 users Новый пользователь зарегистрирован: admin@kbtu.kz
INFO 2024-11-14 02:03:12,037 users Новый пользователь зарегистрирован: admin@kbtu.kz
INFO 2024-11-14 02:03:12,411 users Новый пользователь зарегистрирован: student@kbtu.kz
INFO 2024-11-14 02:03:12,785 users Новый пользователь зарегистрирован: admin@kbtu.kz
INFO 2024-11-14 02:03:13,162 users Новый пользователь зарегистрирован: testteacher2@kbtu.kz
INFO 2024-11-14 02:03:13,536 users Новый пользователь зарегистрирован: teststudent2@kbtu.kz
INFO 2024-11-14 02:03:13,966 users Новый пользователь зарегистрирован: teststudent@kbtu.kz
INFO 2024-11-14 02:08:21,741 users Новый пользователь зарегистрирован: student4@kbtu.kz
INFO 2024-11-14 02:09:28,934 users Новый пользователь зарегистрирован: student4@kbtu.kz
INFO 2024-11-14 02:09:46,296 users Новый пользователь зарегистрирован: student4@kbtu.kz
INFO 2024-11-14 02:09:46,682 users Новый пользователь зарегистрирован: admin@kbtu.kz
INFO 2024-11-14 02:09:47,091 users Новый пользователь зарегистрирован: admin@kbtu.kz
INFO 2024-11-14 02:09:47,470 users Новый пользователь зарегистрирован: admin@kbtu.kz
INFO 2024-11-14 02:09:47,849 users Новый пользователь зарегистрирован: student@kbtu.kz
INFO 2024-11-14 02:09:48,229 users Новый пользователь зарегистрирован: admin@kbtu.kz
INFO 2024-11-14 02:09:48,622 users Новый пользователь зарегистрирован: testteacher2@kbtu.kz
INFO 2024-11-14 02:09:49,029 users Новый пользователь зарегистрирован: teststudent2@kbtu.kz
INFO 2024-11-14 02:09:49,471 users Новый пользователь зарегистрирован: teststudent@kbtu.kz
INFO 2024-11-14 02:15:01,783 users Новый пользователь зарегистрирован: teacher@example.com
INFO 2024-11-14 02:15:02,158 users Новый пользователь зарегистрирован: student@example.com
INFO 2024-11-14 02:15:02,551 users Новый пользователь зарегистрирован: teacher@example.com
INFO 2024-11-14 02:15:02,929 users Новый пользователь зарегистрирован: student@example.com
INFO 2024-11-14 02:15:03,307 users Новый пользователь зарегистрирован: teacher@example.com
INFO 2024-11-14 02:15:03,685 users Новый пользователь зарегистрирован: teacher@example.com
INFO 2024-11-14 02:15:04,068 users Новый пользователь зарегистрирован: teacher@example.com
INFO 2024-11-14 02:15:04,447 users Новый пользователь зарегистрирован: student4@kbtu.kz
INFO 2024-11-14 02:15:04,834 users Новый пользователь зарегистрирован: admin@kbtu.kz
INFO 2024-11-14 02:15:05,229 users Новый пользователь зарегистрирован: admin@kbtu.kz
INFO 2024-11-14 02:15:05,605 users Новый пользователь зарегистрирован: admin@kbtu.kz
INFO 2024-11-14 02:15:06,030 users Новый пользователь зарегистрирован: student@kbtu.kz
INFO 2024-11-14 02:15:06,428 users Новый пользователь зарегистрирован: admin@kbtu.kz
INFO 2024-11-14 02:15:06,858 users Новый пользователь зарегистрирован: testteacher2@kbtu.kz
INFO 2024-11-14 02:15:07,236 users Новый пользователь зарегистрирован: teststudent2@kbtu.kz
INFO 2024-11-14 02:15:07,641 users Новый пользователь зарегистрирован: teststudent@kbtu.kz
INFO 2024-11-14 02:17:46,274 users Новый пользователь зарегистрирован: teacher@example.com
INFO 2024-11-14 02:17:46,686 users Новый пользователь зарегистрирован: student@example.com
INFO 2024-11-14 02:17:47,105 users Новый пользователь зарегистрирован: teacher@example.com
INFO 2024-11-14 02:17:47,502 users Новый пользователь зарегистрирован: student@example.com
INFO 2024-11-14 02:17:47,892 users Новый пользователь зарегистрирован: teacher@example.com
INFO 2024-11-14 02:17:48,279 users Новый пользователь зарегистрирован: teacher@example.com
INFO 2024-11-14 02:17:48,664 users Новый пользователь зарегистрирован: teacher@example.com
INFO 2024-11-14 02:17:49,057 users Новый пользователь зарегистрирован: student4@kbtu.kz
INFO 2024-11-14 02:17:49,447 users Новый пользователь зарегистрирован: admin@kbtu.kz
INFO 2024-11-14 02:17:49,836 users Новый пользователь зарегистрирован: admin@kbtu.kz
INFO 2024-11-14 02:17:50,217 users Новый пользователь зарегистрирован: admin@kbtu.kz
INFO 2024-11-14 02:17:50,596 users Новый пользователь зарегистрирован: student@kbtu.kz
INFO 2024-11-14 02:17:50,982 users Новый пользователь зарегистрирован: admin@kbtu.kz
INFO 2024-11-14 02:17:51,364 users Новый пользователь зарегистрирован: testteacher2@kbtu.kz
INFO 2024-11-14 02:17:51,742 users Новый пользователь зарегистрирован: teststudent2@kbtu.kz
INFO 2024-11-14 02:17:52,151 users Новый пользователь зарегистрирован: teststudent@kbtu.kz
INFO 2024-11-14 02:19:00,742 users Новый пользователь зарегистрирован: teacher@example.com
INFO 2024-11-14 02:19:01,119 users Новый пользователь зарегистрирован: student@example.com
INFO 2024-11-14 02:19:01,525 users Новый пользователь зарегистрирован: teacher@example.com
INFO 2024-11-14 02:19:01,919 users Новый пользователь зарегистрирован: student@example.com
INFO 2024-11-14 02:19:02,301 users Новый пользователь зарегистрирован: teacher@example.com
INFO 2024-11-14 02:19:02,678 users Новый пользователь зарегистрирован: teacher@example.com
INFO 2024-11-14 02:19:03,077 users Новый пользователь зарегистрирован: teacher@example.com
INFO 2024-11-14 02:19:07,516 users Новый пользователь зарегистрирован: teacher@example.com
INFO 2024-11-14 02:19:07,892 users Новый пользователь зарегистрирован: student@example.com
INFO 2024-11-14 02:19:08,313 users Новый пользователь зарегистрирован: teacher@example.com
INFO 2024-11-14 02:19:08,688 users Новый пользователь зарегистрирован: student@example.com
INFO 2024-11-14 02:19:09,068 users Новый пользователь зарегистрирован: teacher@example.com
INFO 2024-11-14 02:19:09,446 users Новый пользователь зарегистрирован: teacher@example.com
INFO 2024-11-14 02:19:09,827 users Новый пользователь зарегистрирован: teacher@example.com
INFO 2024-11-14 02:19:10,244 users Новый пользователь зарегистрирован: student4@kbtu.kz
INFO 2024-11-14 02:19:10,660 users Новый пользователь зарегистрирован: admin@kbtu.kz
INFO 2024-11-14 02:19:11,060 users Новый пользователь зарегистрирован: admin@kbtu.kz
INFO 2024-11-14 02:19:11,446 users Новый пользователь зарегистрирован: admin@kbtu.kz
INFO 2024-11-14 02:19:11,825 users Новый пользователь зарегистрирован: student@kbtu.kz
INFO 2024-11-14 02:19:12,200 users Новый пользователь зарегистрирован: admin@kbtu.kz
INFO 2024-11-14 02:19:12,576 users Новый пользователь зарегистрирован: testteacher2@kbtu.kz
INFO 2024-11-14 02:19:12,962 users Новый пользователь зарегистрирован: teststudent2@kbtu.kz
INFO 2024-11-14 02:19:13,385 users Новый пользователь зарегистрирован: teststudent@kbtu.kz
INFO 2024-11-14 02:19:51,794 users Новый пользователь зарегистрирован: teacher@example.com
INFO 2024-11-14 02:19:52,185 users Новый пользователь зарегистрирован: teacher@example.com
INFO 2024-11-14 02:19:52,562 users Новый пользователь зарегистрирован: student@example.com
INFO 2024-11-14 02:19:52,951 users Новый пользователь зарегистрирован: teacher@example.com
INFO 2024-11-14 02:19:53,326 users Новый пользователь зарегистрирован: student@example.com
INFO 2024-11-14 02:19:53,712 users Новый пользователь зарегистрирован: teacher@example.com
INFO 2024-11-14 02:19:54,092 users Новый пользователь зарегистрирован: teacher@example.com
INFO 2024-11-14 02:19:54,476 users Новый пользователь зарегистрирован: teacher@example.com
INFO 2024-11-14 02:19:54,858 users Новый пользователь зарегистрирован: student4@kbtu.kz
INFO 2024-11-14 02:19:55,244 users Новый пользователь зарегистрирован: admin@kbtu.kz
INFO 2024-11-14 02:19:55,624 users Новый пользователь зарегистрирован: admin@kbtu.kz
INFO 2024-11-14 02:19:56,007 users Новый пользователь зарегистрирован: admin@kbtu.kz
INFO 2024-11-14 02:19:56,386 users Новый пользователь зарегистрирован: student@kbtu.kz
INFO 2024-11-14 02:19:56,767 users Новый пользователь зарегистрирован: admin@kbtu.kz
INFO 2024-11-14 02:19:57,145 users Новый пользователь зарегистрирован: testteacher2@kbtu.kz
INFO 2024-11-14 02:19:57,529 users Новый пользователь зарегистрирован: teststudent2@kbtu.kz
INFO 2024-11-14 02:19:57,938 users Новый пользователь зарегистрирован: teststudent@kbtu.kz
INFO 2024-11-14 02:20:19,293 users Новый пользователь зарегистрирован: teacher@example.com
INFO 2024-11-14 02:20:19,702 users Новый пользователь зарегистрирован: teacher@example.com
INFO 2024-11-14 02:20:20,086 users Новый пользователь зарегистрирован: student@example.com
INFO 2024-11-14 02:20:20,489 users Новый пользователь зарегистрирован: teacher@example.com
INFO 2024-11-14 02:20:20,869 users Новый пользователь зарегистрирован: student@example.com
INFO 2024-11-14 02:20:21,249 users Новый пользователь зарегистрирован: teacher@example.com
INFO 2024-11-14 02:20:21,640 users Новый пользователь зарегистрирован: teacher@example.com
INFO 2024-11-14 02:20:22,021 users Новый пользователь зарегистрирован: teacher@example.com
INFO 2024-11-14 02:22:41,406 users Новый пользователь зарегистрирован: student4@kbtu.kz
INFO 2024-11-14 02:23:42,309 users Новый пользователь зарегистрирован: student1@example.com
INFO 2024-11-14 02:23:42,726 users Новый пользователь зарегистрирован: student2@example.com
INFO 2024-11-14 02:23:43,146 users Новый пользователь зарегистрирован: teacher@example.com
INFO 2024-11-14 02:26:50,570 users Новый пользователь зарегистрирован: teacher@example.com
INFO 2024-11-14 02:26:50,966 users Новый пользователь зарегистрирован: teacher@example.com
INFO 2024-11-14 02:26:51,344 users Новый пользователь зарегистрирован: student@example.com
INFO 2024-11-14 02:26:51,720 users Новый пользователь зарегистрирован: teacher@example.com
INFO 2024-11-14 02:26:52,096 users Новый пользователь зарегистрирован: student@example.com
INFO 2024-11-14 02:26:52,482 users Новый пользователь зарегистрирован: teacher@example.com
INFO 2024-11-14 02:26:52,861 users Новый пользователь зарегистрирован: teacher@example.com
INFO 2024-11-14 02:26:53,240 users Новый пользователь зарегистрирован: teacher@example.com
INFO 2024-11-14 02:26:53,620 users Новый пользователь зарегистрирован: admin@kbtu.kz
INFO 2024-11-14 02:26:54,000 users Новый пользователь зарегистрирован: admin@kbtu.kz
INFO 2024-11-14 02:26:54,378 users Новый пользователь зарегистрирован: admin@kbtu.kz
INFO 2024-11-14 02:26:54,764 users Новый пользователь зарегистрирован: student@kbtu.kz
INFO 2024-11-14 02:26:55,145 users Новый пользователь зарегистрирован: admin@kbtu.kz
INFO 2024-11-14 02:26:55,523 users Новый пользователь зарегистрирован: testteacher2@kbtu.kz
INFO 2024-11-14 02:26:55,899 users Новый пользователь зарегистрирован: teststudent2@kbtu.kz
INFO 2024-11-14 02:26:56,316 users Новый пользователь зарегистрирован: teststudent@kbtu.kz
INFO 2024-11-14 02:28:15,479 users Новый пользователь зарегистрирован: student1@example.com
INFO 2024-11-14 02:28:15,854 users Новый пользователь зарегистрирован: student2@example.com
INFO 2024-11-14 02:28:16,231 users Новый пользователь зарегистрирован: teacher@example.com
INFO 2024-11-14 02:29:16,835 users Новый пользователь зарегистрирован: student1@example.com
INFO 2024-11-14 02:29:17,225 users Новый пользователь зарегистрирован: student2@example.com
INFO 2024-11-14 02:29:17,603 users Новый пользователь зарегистрирован: teacher@example.com
INFO 2024-11-14 02:30:27,758 users Новый пользователь зарегистрирован: admin@example.com
INFO 2024-11-14 02:30:28,131 users Новый пользователь зарегистрирован: student@example.com
INFO 2024-11-14 02:30:28,528 users Новый пользователь зарегистрирован: student@example.com
INFO 2024-11-14 02:30:28,904 users Новый пользователь зарегистрирован: student1@example.com
INFO 2024-11-14 02:30:29,279 users Новый пользователь зарегистрирован: student2@example.com
INFO 2024-11-14 02:30:29,655 users Новый пользователь зарегистрирован: teacher@example.com
INFO 2024-11-14 02:31:55,279 users Новый пользователь зарегистрирован: admin@example.com
INFO 2024-11-14 02:31:55,661 users Новый пользователь зарегистрирован: student@example.com
INFO 2024-11-14 02:31:56,081 users Новый пользователь зарегистрирован: student@example.com
INFO 2024-11-14 02:31:56,461 users Новый пользователь зарегистрирован: student1@example.com
INFO 2024-11-14 02:31:56,836 users Новый пользователь зарегистрирован: student2@example.com
INFO 2024-11-14 02:31:57,245 users Новый пользователь зарегистрирован: teacher@example.com
INFO 2024-11-14 02:32:52,544 users Новый пользователь зарегистрирован: admin@example.com
INFO 2024-11-14 02:32:52,921 users Новый пользователь зарегистрирован: student@example.com
INFO 2024-11-14 02:32:53,305 users Новый пользователь зарегистрирован: student@example.com
INFO 2024-11-14 02:32:53,682 users Новый пользователь зарегистрирован: teacher@example.com
INFO 2024-11-14 02:32:54,063 users Новый пользователь зарегистрирован: student1@example.com
INFO 2024-11-14 02:32:54,441 users Новый пользователь зарегистрирован: student2@example.com
INFO 2024-11-14 02:32:54,816 users Новый пользователь зарегистрирован: teacher@example.com
INFO 2024-11-14 02:34:27,232 users Новый пользователь зарегистрирован: teacher@example.com
INFO 2024-11-14 02:34:27,609 users Новый пользователь зарегистрирован: admin@example.com
INFO 2024-11-14 02:34:27,985 users Новый пользователь зарегистрирован: student@example.com
INFO 2024-11-14 02:34:28,375 users Новый пользователь зарегистрирован: teacher@example.com
INFO 2024-11-14 02:34:28,754 users Новый пользователь зарегистрирован: teacher@example.com
INFO 2024-11-14 02:34:29,150 users Новый пользователь зарегистрирован: student@example.com
INFO 2024-11-14 02:34:29,533 users Новый пользователь зарегистрирован: student1@example.com
INFO 2024-11-14 02:34:29,907 users Новый пользователь зарегистрирован: student2@example.com
INFO 2024-11-14 02:34:30,283 users Новый пользователь зарегистрирован: teacher@example.com
INFO 2024-11-14 02:35:15,686 users Новый пользователь зарегистрирован: teacher@example.com
INFO 2024-11-14 02:35:16,065 users Новый пользователь зарегистрирован: admin@example.com
INFO 2024-11-14 02:35:16,441 users Новый пользователь зарегистрирован: student@example.com
INFO 2024-11-14 02:35:16,837 users Новый пользователь зарегистрирован: teacher@example.com
INFO 2024-11-14 02:35:17,282 users Новый пользователь зарегистрирован: teacher@example.com
INFO 2024-11-14 02:35:17,679 users Новый пользователь зарегистрирован: student@example.com
INFO 2024-11-14 02:35:18,080 users Новый пользователь зарегистрирован: student1@example.com
INFO 2024-11-14 02:35:18,453 users Новый пользователь зарегистрирован: student2@example.com
INFO 2024-11-14 02:35:18,839 users Новый пользователь зарегистрирован: teacher@example.com
INFO 2024-11-14 02:36:06,198 users Новый пользователь зарегистрирован: teacher@example.com
INFO 2024-11-14 02:36:06,574 users Новый пользователь зарегистрирован: admin@example.com
INFO 2024-11-14 02:36:06,953 users Новый пользователь зарегистрирован: student@example.com
INFO 2024-11-14 02:36:07,367 users Новый пользователь зарегистрирован: teacher@example.com
INFO 2024-11-14 02:36:07,754 users Новый пользователь зарегистрирован: teacher@example.com
INFO 2024-11-14 02:36:08,132 users Новый пользователь зарегистрирован: student@example.com
INFO 2024-11-14 02:36:08,516 users Новый пользователь зарегистрирован: student1@example.com
INFO 2024-11-14 02:36:08,892 users Новый пользователь зарегистрирован: student2@example.com
INFO 2024-11-14 02:36:09,277 users Новый пользователь зарегистрирован: teacher@example.com
INFO 2024-11-14 03:35:49,606 users Новый пользователь зарегистрирован: teacher@example.com
INFO 2024-11-14 03:35:50,040 users Новый пользователь зарегистрирован: teacher@example.com
INFO 2024-11-14 03:35:50,425 users Новый пользователь зарегистрирован: student@example.com
INFO 2024-11-14 03:35:50,806 users Новый пользователь зарегистрирован: teacher@example.com
INFO 2024-11-14 03:35:51,180 users Новый пользователь зарегистрирован: student@example.com
INFO 2024-11-14 03:35:51,562 users Новый пользователь зарегистрирован: teacher@example.com
INFO 2024-11-14 03:35:51,943 users Новый пользователь зарегистрирован: teacher@example.com
INFO 2024-11-14 03:35:52,326 users Новый пользователь зарегистрирован: teacher@example.com
INFO 2024-11-14 03:35:52,705 users Новый пользователь зарегистрирован: teacher@example.com
INFO 2024-11-14 03:35:53,083 users Новый пользователь зарегистрирован: admin@example.com
INFO 2024-11-14 03:35:53,457 users Новый пользователь зарегистрирован: student@example.com
INFO 2024-11-14 03:35:53,865 users Новый пользователь зарегистрирован: teacher@example.com
INFO 2024-11-14 03:35:54,239 users Новый пользователь зарегистрирован: teacher@example.com
INFO 2024-11-14 03:35:54,631 users Новый пользователь зарегистрирован: student@example.com
INFO 2024-11-14 03:35:55,010 users Новый пользователь зарегистрирован: student1@example.com
INFO 2024-11-14 03:35:55,384 users Новый пользователь зарегистрирован: student2@example.com
INFO 2024-11-14 03:35:55,757 users Новый пользователь зарегистрирован: teacher@example.com
INFO 2024-11-14 03:35:56,141 users Новый пользователь зарегистрирован: admin@kbtu.kz
INFO 2024-11-14 03:35:56,519 users Новый пользователь зарегистрирован: admin@kbtu.kz
INFO 2024-11-14 03:35:56,901 users Новый пользователь зарегистрирован: admin@kbtu.kz
INFO 2024-11-14 03:35:57,277 users Новый пользователь зарегистрирован: student@kbtu.kz
INFO 2024-11-14 03:35:57,659 users Новый пользователь зарегистрирован: admin@kbtu.kz
INFO 2024-11-14 03:35:58,072 users Новый пользователь зарегистрирован: testteacher2@kbtu.kz
INFO 2024-11-14 03:35:58,452 users Новый пользователь зарегистрирован: teststudent2@kbtu.kz
INFO 2024-11-14 03:35:58,837 users Новый пользователь зарегистрирован: teststudent@kbtu.kz
INFO 2024-11-14 03:37:33,492 users Новый пользователь зарегистрирован: teacher@example.com
INFO 2024-11-14 03:37:33,895 users Новый пользователь зарегистрирован: teacher@example.com
INFO 2024-11-14 03:37:34,271 users Новый пользователь зарегистрирован: student@example.com
INFO 2024-11-14 03:37:34,653 users Новый пользователь зарегистрирован: teacher@example.com
INFO 2024-11-14 03:37:35,037 users Новый пользователь зарегистрирован: student@example.com
INFO 2024-11-14 03:37:35,421 users Новый пользователь зарегистрирован: teacher@example.com
INFO 2024-11-14 03:37:35,804 users Новый пользователь зарегистрирован: teacher@example.com
INFO 2024-11-14 03:37:36,184 users Новый пользователь зарегистрирован: teacher@example.com
INFO 2024-11-14 03:37:36,568 users Новый пользователь зарегистрирован: teacher@example.com
INFO 2024-11-14 03:37:36,947 users Новый пользователь зарегистрирован: admin@example.com
INFO 2024-11-14 03:37:37,322 users Новый пользователь зарегистрирован: student@example.com
INFO 2024-11-14 03:37:37,730 users Новый пользователь зарегистрирован: teacher@example.com
INFO 2024-11-14 03:37:38,107 users Новый пользователь зарегистрирован: teacher@example.com
INFO 2024-11-14 03:37:38,487 users Новый пользователь зарегистрирован: student@example.com
INFO 2024-11-14 03:37:38,875 users Новый пользователь зарегистрирован: student1@example.com
INFO 2024-11-14 03:37:39,270 users Новый пользователь зарегистрирован: student2@example.com
INFO 2024-11-14 03:37:39,661 users Новый пользователь зарегистрирован: teacher@example.com
INFO 2024-11-14 03:37:40,062 users Новый пользователь зарегистрирован: admin@kbtu.kz
INFO 2024-11-14 03:37:40,445 users Новый пользователь зарегистрирован: admin@kbtu.kz
INFO 2024-11-14 03:37:40,826 users Новый пользователь зарегистрирован: admin@kbtu.kz
INFO 2024-11-14 03:37:41,211 users Новый пользователь зарегистрирован: student@kbtu.kz
INFO 2024-11-14 03:37:41,591 users Новый пользователь зарегистрирован: admin@kbtu.kz
INFO 2024-11-14 03:37:41,971 users Новый пользователь зарегистрирован: testteacher2@kbtu.kz
INFO 2024-11-14 03:37:42,347 users Новый пользователь зарегистрирован: teststudent2@kbtu.kz
INFO 2024-11-14 03:37:42,745 users Новый пользователь зарегистрирован: teststudent@kbtu.kz
INFO 2024-11-14 03:39:28,323 users Новый пользователь зарегистрирован: teacher@example.com
INFO 2024-11-14 03:39:28,723 users Новый пользователь зарегистрирован: teacher@example.com
INFO 2024-11-14 03:39:29,097 users Новый пользователь зарегистрирован: student@example.com
INFO 2024-11-14 03:39:29,473 users Новый пользователь зарегистрирован: teacher@example.com
INFO 2024-11-14 03:39:29,848 users Новый пользователь зарегистрирован: student@example.com
INFO 2024-11-14 03:39:30,226 users Новый пользователь зарегистрирован: teacher@example.com
INFO 2024-11-14 03:39:30,606 users Новый пользователь зарегистрирован: teacher@example.com
INFO 2024-11-14 03:39:30,995 users Новый пользователь зарегистрирован: teacher@example.com
INFO 2024-11-14 03:39:31,392 users Новый пользователь зарегистрирован: teacher@example.com
INFO 2024-11-14 03:39:31,771 users Новый пользователь зарегистрирован: admin@example.com
INFO 2024-11-14 03:39:32,192 users Новый пользователь зарегистрирован: student@example.com
INFO 2024-11-14 03:39:32,608 users Новый пользователь зарегистрирован: teacher@example.com
INFO 2024-11-14 03:39:32,992 users Новый пользователь зарегистрирован: teacher@example.com
INFO 2024-11-14 03:39:33,367 users Новый пользователь зарегистрирован: student@example.com
INFO 2024-11-14 03:39:33,749 users Новый пользователь зарегистрирован: student1@example.com
INFO 2024-11-14 03:39:34,128 users Новый пользователь зарегистрирован: student2@example.com
INFO 2024-11-14 03:39:34,507 users Новый пользователь зарегистрирован: teacher@example.com
INFO 2024-11-14 03:39:34,902 users Новый пользователь зарегистрирован: admin@kbtu.kz
INFO 2024-11-14 03:39:35,294 users Новый пользователь зарегистрирован: admin@kbtu.kz
INFO 2024-11-14 03:39:35,686 users Новый пользователь зарегистрирован: admin@kbtu.kz
INFO 2024-11-14 03:39:36,085 users Новый пользователь зарегистрирован: student@kbtu.kz
INFO 2024-11-14 03:39:36,474 users Новый пользователь зарегистрирован: admin@kbtu.kz
INFO 2024-11-14 03:39:36,851 users Новый пользователь зарегистрирован: testteacher2@kbtu.kz
INFO 2024-11-14 03:39:37,229 users Новый пользователь зарегистрирован: teststudent2@kbtu.kz
INFO 2024-11-14 03:39:37,612 users Новый пользователь зарегистрирован: teststudent@kbtu.kz
INFO 2024-11-14 03:42:21,254 users Новый пользователь зарегистрирован: teacher@example.com
INFO 2024-11-14 03:42:21,649 users Новый пользователь зарегистрирован: teacher@example.com
INFO 2024-11-14 03:42:22,026 users Новый пользователь зарегистрирован: student@example.com
INFO 2024-11-14 03:42:22,451 users Новый пользователь зарегистрирован: teacher@example.com
INFO 2024-11-14 03:42:22,849 users Новый пользователь зарегистрирован: student@example.com
INFO 2024-11-14 03:42:23,261 users Новый пользователь зарегистрирован: teacher@example.com
INFO 2024-11-14 03:42:23,654 users Новый пользователь зарегистрирован: teacher@example.com
INFO 2024-11-14 03:42:24,069 users Новый пользователь зарегистрирован: teacher@example.com
INFO 2024-11-14 03:42:24,463 users Новый пользователь зарегистрирован: teacher@example.com
INFO 2024-11-14 03:42:24,851 users Новый пользователь зарегистрирован: admin@example.com
INFO 2024-11-14 03:42:25,227 users Новый пользователь зарегистрирован: student@example.com
INFO 2024-11-14 03:42:25,634 users Новый пользователь зарегистрирован: teacher@example.com
INFO 2024-11-14 03:42:26,014 users Новый пользователь зарегистрирован: teacher@example.com
INFO 2024-11-14 03:42:26,393 users Новый пользователь зарегистрирован: student@example.com
INFO 2024-11-14 03:42:26,777 users Новый пользователь зарегистрирован: student1@example.com
INFO 2024-11-14 03:42:27,158 users Новый пользователь зарегистрирован: student2@example.com
INFO 2024-11-14 03:42:27,540 users Новый пользователь зарегистрирован: teacher@example.com
INFO 2024-11-14 03:42:27,927 users Новый пользователь зарегистрирован: admin@kbtu.kz
INFO 2024-11-14 03:42:28,307 users Новый пользователь зарегистрирован: admin@kbtu.kz
INFO 2024-11-14 03:42:28,686 users Новый пользователь зарегистрирован: admin@kbtu.kz
INFO 2024-11-14 03:42:29,063 users Новый пользователь зарегистрирован: student@kbtu.kz
INFO 2024-11-14 03:42:29,441 users Новый пользователь зарегистрирован: admin@kbtu.kz
INFO 2024-11-14 03:42:29,821 users Новый пользователь зарегистрирован: testteacher2@kbtu.kz
INFO 2024-11-14 03:42:30,198 users Новый пользователь зарегистрирован: teststudent2@kbtu.kz
INFO 2024-11-14 03:42:30,580 users Новый пользователь зарегистрирован: teststudent@kbtu.kz
INFO 2024-11-14 03:50:35,467 users Новый пользователь зарегистрирован: teacher@example.com
INFO 2024-11-14 03:50:35,860 users Новый пользователь зарегистрирован: teacher@example.com
INFO 2024-11-14 03:50:36,236 users Новый пользователь зарегистрирован: student@example.com
INFO 2024-11-14 03:50:36,614 users Новый пользователь зарегистрирован: teacher@example.com
INFO 2024-11-14 03:50:36,990 users Новый пользователь зарегистрирован: student@example.com
INFO 2024-11-14 03:50:37,366 users Новый пользователь зарегистрирован: teacher@example.com
INFO 2024-11-14 03:50:37,743 users Новый пользователь зарегистрирован: teacher@example.com
INFO 2024-11-14 03:50:38,124 users Новый пользователь зарегистрирован: teacher@example.com
INFO 2024-11-14 03:50:38,512 users Новый пользователь зарегистрирован: teacher@example.com
INFO 2024-11-14 03:50:38,911 users Новый пользователь зарегистрирован: admin@example.com
INFO 2024-11-14 03:50:39,310 users Новый пользователь зарегистрирован: student@example.com
INFO 2024-11-14 03:50:39,715 users Новый пользователь зарегистрирован: teacher@example.com
INFO 2024-11-14 03:50:40,092 users Новый пользователь зарегистрирован: teacher@example.com
INFO 2024-11-14 03:50:40,467 users Новый пользователь зарегистрирован: student@example.com
INFO 2024-11-14 03:50:40,847 users Новый пользователь зарегистрирован: student1@example.com
INFO 2024-11-14 03:50:41,222 users Новый пользователь зарегистрирован: student2@example.com
INFO 2024-11-14 03:50:41,595 users Новый пользователь зарегистрирован: teacher@example.com
INFO 2024-11-14 03:50:41,984 users Новый пользователь зарегистрирован: admin@kbtu.kz
INFO 2024-11-14 03:50:42,362 users Новый пользователь зарегистрирован: admin@kbtu.kz
INFO 2024-11-14 03:50:42,742 users Новый пользователь зарегистрирован: admin@kbtu.kz
INFO 2024-11-14 03:50:43,118 users Новый пользователь зарегистрирован: student@kbtu.kz
INFO 2024-11-14 03:50:43,498 users Новый пользователь зарегистрирован: admin@kbtu.kz
INFO 2024-11-14 03:50:43,875 users Новый пользователь зарегистрирован: testteacher2@kbtu.kz
INFO 2024-11-14 03:50:44,252 users Новый пользователь зарегистрирован: teststudent2@kbtu.kz
INFO 2024-11-14 03:50:44,632 users Новый пользователь зарегистрирован: teststudent@kbtu.kz
